{"/home/antonio/Documents/Kaizo-Test/src/App.tsx": {"path":"/home/antonio/Documents/Kaizo-Test/src/App.tsx","statementMap":{"0":{"start":{"line":15,"column":12},"end":{"line":61,"column":1}},"1":{"start":{"line":16,"column":34},"end":{"line":16,"column":57}},"2":{"start":{"line":19,"column":2},"end":{"line":25,"column":7}},"3":{"start":{"line":20,"column":38},"end":{"line":23,"column":5}},"4":{"start":{"line":21,"column":6},"end":{"line":21,"column":24}},"5":{"start":{"line":22,"column":6},"end":{"line":22,"column":78}},"6":{"start":{"line":24,"column":4},"end":{"line":24,"column":32}},"7":{"start":{"line":28,"column":32},"end":{"line":32,"column":3}},"8":{"start":{"line":29,"column":4},"end":{"line":29,"column":22}},"9":{"start":{"line":30,"column":27},"end":{"line":30,"column":80}},"10":{"start":{"line":31,"column":4},"end":{"line":31,"column":64}},"11":{"start":{"line":34,"column":2},"end":{"line":40,"column":7}},"12":{"start":{"line":35,"column":4},"end":{"line":35,"column":68}},"13":{"start":{"line":37,"column":4},"end":{"line":39,"column":5}},"14":{"start":{"line":38,"column":6},"end":{"line":38,"column":72}},"15":{"start":{"line":46,"column":2},"end":{"line":60,"column":4}}},"fnMap":{"0":{"name":"(anonymous_0)","decl":{"start":{"line":15,"column":12},"end":{"line":15,"column":13}},"loc":{"start":{"line":15,"column":38},"end":{"line":61,"column":1}},"line":15},"1":{"name":"(anonymous_1)","decl":{"start":{"line":19,"column":12},"end":{"line":19,"column":13}},"loc":{"start":{"line":19,"column":17},"end":{"line":25,"column":3}},"line":19},"2":{"name":"(anonymous_2)","decl":{"start":{"line":20,"column":38},"end":{"line":20,"column":39}},"loc":{"start":{"line":20,"column":44},"end":{"line":23,"column":5}},"line":20},"3":{"name":"(anonymous_3)","decl":{"start":{"line":28,"column":32},"end":{"line":28,"column":33}},"loc":{"start":{"line":28,"column":72},"end":{"line":32,"column":3}},"line":28},"4":{"name":"(anonymous_4)","decl":{"start":{"line":34,"column":12},"end":{"line":34,"column":13}},"loc":{"start":{"line":34,"column":17},"end":{"line":40,"column":3}},"line":34},"5":{"name":"(anonymous_5)","decl":{"start":{"line":37,"column":11},"end":{"line":37,"column":12}},"loc":{"start":{"line":37,"column":17},"end":{"line":39,"column":5}},"line":37},"6":{"name":"onRender","decl":{"start":{"line":42,"column":11},"end":{"line":42,"column":19}},"loc":{"start":{"line":42,"column":84},"end":{"line":44,"column":3}},"line":42}},"branchMap":{"0":{"loc":{"start":{"line":50,"column":11},"end":{"line":56,"column":13}},"type":"cond-expr","locations":[{"start":{"line":51,"column":16},"end":{"line":53,"column":27}},{"start":{"line":55,"column":16},"end":{"line":55,"column":48}}],"line":50}},"s":{"0":0,"1":0,"2":0,"3":0,"4":0,"5":0,"6":0,"7":0,"8":0,"9":0,"10":0,"11":0,"12":0,"13":0,"14":0,"15":0},"f":{"0":0,"1":0,"2":0,"3":0,"4":0,"5":0,"6":0},"b":{"0":[0,0]}}
,"/home/antonio/Documents/Kaizo-Test/src/main.tsx": {"path":"/home/antonio/Documents/Kaizo-Test/src/main.tsx","statementMap":{"0":{"start":{"line":6,"column":0},"end":{"line":10,"column":1}}},"fnMap":{},"branchMap":{},"s":{"0":0},"f":{},"b":{}}
,"/home/antonio/Documents/Kaizo-Test/src/components/basics/Card/Card.props.ts": {"path":"/home/antonio/Documents/Kaizo-Test/src/components/basics/Card/Card.props.ts","statementMap":{},"fnMap":{},"branchMap":{},"s":{},"f":{},"b":{}}
,"/home/antonio/Documents/Kaizo-Test/src/components/basics/Card/Card.tsx": {"path":"/home/antonio/Documents/Kaizo-Test/src/components/basics/Card/Card.tsx","statementMap":{"0":{"start":{"line":3,"column":34},"end":{"line":12,"column":1}},"1":{"start":{"line":5,"column":2},"end":{"line":11,"column":4}}},"fnMap":{"0":{"name":"(anonymous_0)","decl":{"start":{"line":3,"column":34},"end":{"line":3,"column":35}},"loc":{"start":{"line":3,"column":60},"end":{"line":12,"column":1}},"line":3}},"branchMap":{},"s":{"0":0,"1":0},"f":{"0":0},"b":{}}
,"/home/antonio/Documents/Kaizo-Test/src/components/basics/Container/Container.props.ts": {"path":"/home/antonio/Documents/Kaizo-Test/src/components/basics/Container/Container.props.ts","statementMap":{},"fnMap":{},"branchMap":{},"s":{},"f":{},"b":{}}
,"/home/antonio/Documents/Kaizo-Test/src/components/basics/Container/Container.tsx": {"path":"/home/antonio/Documents/Kaizo-Test/src/components/basics/Container/Container.tsx","statementMap":{"0":{"start":{"line":3,"column":44},"end":{"line":10,"column":1}},"1":{"start":{"line":5,"column":2},"end":{"line":9,"column":3}}},"fnMap":{"0":{"name":"(anonymous_0)","decl":{"start":{"line":3,"column":44},"end":{"line":3,"column":45}},"loc":{"start":{"line":3,"column":60},"end":{"line":10,"column":1}},"line":3}},"branchMap":{},"s":{"0":0,"1":0},"f":{"0":0},"b":{}}
,"/home/antonio/Documents/Kaizo-Test/src/components/basics/Header/Header.props.ts": {"path":"/home/antonio/Documents/Kaizo-Test/src/components/basics/Header/Header.props.ts","statementMap":{},"fnMap":{},"branchMap":{},"s":{},"f":{},"b":{}}
,"/home/antonio/Documents/Kaizo-Test/src/components/basics/Header/Header.tsx": {"path":"/home/antonio/Documents/Kaizo-Test/src/components/basics/Header/Header.tsx","statementMap":{"0":{"start":{"line":5,"column":38},"end":{"line":14,"column":1}},"1":{"start":{"line":6,"column":31},"end":{"line":6,"column":78}},"2":{"start":{"line":8,"column":2},"end":{"line":13,"column":4}},"3":{"start":{"line":11,"column":29},"end":{"line":11,"column":52}}},"fnMap":{"0":{"name":"(anonymous_0)","decl":{"start":{"line":5,"column":38},"end":{"line":5,"column":39}},"loc":{"start":{"line":5,"column":61},"end":{"line":14,"column":1}},"line":5},"1":{"name":"(anonymous_1)","decl":{"start":{"line":11,"column":23},"end":{"line":11,"column":24}},"loc":{"start":{"line":11,"column":29},"end":{"line":11,"column":52}},"line":11}},"branchMap":{"0":{"loc":{"start":{"line":6,"column":31},"end":{"line":6,"column":78}},"type":"cond-expr","locations":[{"start":{"line":6,"column":54},"end":{"line":6,"column":65}},{"start":{"line":6,"column":68},"end":{"line":6,"column":78}}],"line":6}},"s":{"0":0,"1":0,"2":0,"3":0},"f":{"0":0,"1":0},"b":{"0":[0,0]}}
,"/home/antonio/Documents/Kaizo-Test/src/components/basics/InputField/InputField.props.ts": {"path":"/home/antonio/Documents/Kaizo-Test/src/components/basics/InputField/InputField.props.ts","statementMap":{},"fnMap":{},"branchMap":{},"s":{},"f":{},"b":{}}
,"/home/antonio/Documents/Kaizo-Test/src/components/basics/InputField/InputField.tsx": {"path":"/home/antonio/Documents/Kaizo-Test/src/components/basics/InputField/InputField.tsx","statementMap":{"0":{"start":{"line":4,"column":46},"end":{"line":21,"column":1}},"1":{"start":{"line":5,"column":2},"end":{"line":20,"column":8}}},"fnMap":{"0":{"name":"(anonymous_0)","decl":{"start":{"line":4,"column":46},"end":{"line":4,"column":47}},"loc":{"start":{"line":5,"column":2},"end":{"line":20,"column":8}},"line":5}},"branchMap":{"0":{"loc":{"start":{"line":6,"column":5},"end":{"line":10,"column":5}},"type":"binary-expr","locations":[{"start":{"line":6,"column":5},"end":{"line":6,"column":11}},{"start":{"line":7,"column":6},"end":{"line":9,"column":12}}],"line":6}},"s":{"0":0,"1":0},"f":{"0":0},"b":{"0":[0,0]}}
,"/home/antonio/Documents/Kaizo-Test/src/components/basics/Message/Message.props.ts": {"path":"/home/antonio/Documents/Kaizo-Test/src/components/basics/Message/Message.props.ts","statementMap":{},"fnMap":{},"branchMap":{},"s":{},"f":{},"b":{}}
,"/home/antonio/Documents/Kaizo-Test/src/components/basics/Message/Message.tsx": {"path":"/home/antonio/Documents/Kaizo-Test/src/components/basics/Message/Message.tsx","statementMap":{"0":{"start":{"line":4,"column":40},"end":{"line":11,"column":1}},"1":{"start":{"line":6,"column":2},"end":{"line":10,"column":4}}},"fnMap":{"0":{"name":"(anonymous_0)","decl":{"start":{"line":4,"column":40},"end":{"line":4,"column":41}},"loc":{"start":{"line":4,"column":60},"end":{"line":11,"column":1}},"line":4}},"branchMap":{"0":{"loc":{"start":{"line":4,"column":42},"end":{"line":4,"column":54}},"type":"default-arg","locations":[{"start":{"line":4,"column":52},"end":{"line":4,"column":54}}],"line":4}},"s":{"0":0,"1":0},"f":{"0":0},"b":{"0":[0]}}
,"/home/antonio/Documents/Kaizo-Test/src/components/basics/Spinner/Spinner.props.ts": {"path":"/home/antonio/Documents/Kaizo-Test/src/components/basics/Spinner/Spinner.props.ts","statementMap":{},"fnMap":{},"branchMap":{},"s":{},"f":{},"b":{}}
,"/home/antonio/Documents/Kaizo-Test/src/components/basics/Spinner/Spinner.tsx": {"path":"/home/antonio/Documents/Kaizo-Test/src/components/basics/Spinner/Spinner.tsx","statementMap":{"0":{"start":{"line":4,"column":40},"end":{"line":10,"column":1}},"1":{"start":{"line":5,"column":2},"end":{"line":9,"column":4}}},"fnMap":{"0":{"name":"(anonymous_0)","decl":{"start":{"line":4,"column":40},"end":{"line":4,"column":41}},"loc":{"start":{"line":4,"column":51},"end":{"line":10,"column":1}},"line":4}},"branchMap":{},"s":{"0":0,"1":0},"f":{"0":0},"b":{}}
,"/home/antonio/Documents/Kaizo-Test/src/components/composed/ErrorBoundary/ErrorBoundary.props.ts": {"path":"/home/antonio/Documents/Kaizo-Test/src/components/composed/ErrorBoundary/ErrorBoundary.props.ts","statementMap":{},"fnMap":{},"branchMap":{},"s":{},"f":{},"b":{}}
,"/home/antonio/Documents/Kaizo-Test/src/components/composed/ErrorBoundary/ErrorBoundary.tsx": {"path":"/home/antonio/Documents/Kaizo-Test/src/components/composed/ErrorBoundary/ErrorBoundary.tsx","statementMap":{"0":{"start":{"line":7,"column":8},"end":{"line":7,"column":21}},"1":{"start":{"line":9,"column":8},"end":{"line":12,"column":9}},"2":{"start":{"line":16,"column":8},"end":{"line":19,"column":11}},"3":{"start":{"line":23,"column":8},"end":{"line":23,"column":31}},"4":{"start":{"line":24,"column":8},"end":{"line":24,"column":29}},"5":{"start":{"line":25,"column":8},"end":{"line":25,"column":33}},"6":{"start":{"line":31,"column":8},"end":{"line":33,"column":34}}},"fnMap":{"0":{"name":"(anonymous_0)","decl":{"start":{"line":6,"column":4},"end":{"line":6,"column":5}},"loc":{"start":{"line":6,"column":42},"end":{"line":13,"column":5}},"line":6},"1":{"name":"(anonymous_1)","decl":{"start":{"line":15,"column":4},"end":{"line":15,"column":5}},"loc":{"start":{"line":15,"column":70},"end":{"line":20,"column":5}},"line":15},"2":{"name":"(anonymous_2)","decl":{"start":{"line":22,"column":4},"end":{"line":22,"column":5}},"loc":{"start":{"line":22,"column":64},"end":{"line":26,"column":5}},"line":22},"3":{"name":"(anonymous_3)","decl":{"start":{"line":29,"column":4},"end":{"line":29,"column":5}},"loc":{"start":{"line":29,"column":24},"end":{"line":34,"column":5}},"line":29}},"branchMap":{"0":{"loc":{"start":{"line":31,"column":15},"end":{"line":33,"column":33}},"type":"cond-expr","locations":[{"start":{"line":32,"column":14},"end":{"line":32,"column":52}},{"start":{"line":33,"column":14},"end":{"line":33,"column":33}}],"line":31}},"s":{"0":0,"1":0,"2":0,"3":0,"4":0,"5":0,"6":0},"f":{"0":0,"1":0,"2":0,"3":0},"b":{"0":[0,0]}}
,"/home/antonio/Documents/Kaizo-Test/src/components/composed/ErrorPage/ErrorPage.props.ts": {"path":"/home/antonio/Documents/Kaizo-Test/src/components/composed/ErrorPage/ErrorPage.props.ts","statementMap":{},"fnMap":{},"branchMap":{},"s":{},"f":{},"b":{}}
,"/home/antonio/Documents/Kaizo-Test/src/components/composed/ErrorPage/ErrorPage.tsx": {"path":"/home/antonio/Documents/Kaizo-Test/src/components/composed/ErrorPage/ErrorPage.tsx","statementMap":{"0":{"start":{"line":5,"column":44},"end":{"line":15,"column":1}},"1":{"start":{"line":9,"column":4},"end":{"line":14,"column":6}}},"fnMap":{"0":{"name":"(anonymous_0)","decl":{"start":{"line":5,"column":44},"end":{"line":5,"column":45}},"loc":{"start":{"line":7,"column":6},"end":{"line":15,"column":1}},"line":7}},"branchMap":{"0":{"loc":{"start":{"line":12,"column":19},"end":{"line":12,"column":76}},"type":"cond-expr","locations":[{"start":{"line":12,"column":27},"end":{"line":12,"column":40}},{"start":{"line":12,"column":43},"end":{"line":12,"column":76}}],"line":12}},"s":{"0":0,"1":0},"f":{"0":0},"b":{"0":[0,0]}}
,"/home/antonio/Documents/Kaizo-Test/src/components/composed/Layout/Layout.props.ts": {"path":"/home/antonio/Documents/Kaizo-Test/src/components/composed/Layout/Layout.props.ts","statementMap":{},"fnMap":{},"branchMap":{},"s":{},"f":{},"b":{}}
,"/home/antonio/Documents/Kaizo-Test/src/components/composed/Layout/Layout.tsx": {"path":"/home/antonio/Documents/Kaizo-Test/src/components/composed/Layout/Layout.tsx","statementMap":{"0":{"start":{"line":7,"column":38},"end":{"line":21,"column":1}},"1":{"start":{"line":8,"column":28},"end":{"line":8,"column":52}},"2":{"start":{"line":10,"column":25},"end":{"line":13,"column":3}},"3":{"start":{"line":11,"column":4},"end":{"line":11,"column":27}},"4":{"start":{"line":12,"column":4},"end":{"line":12,"column":53}},"5":{"start":{"line":15,"column":2},"end":{"line":20,"column":3}}},"fnMap":{"0":{"name":"(anonymous_0)","decl":{"start":{"line":7,"column":38},"end":{"line":7,"column":39}},"loc":{"start":{"line":7,"column":54},"end":{"line":21,"column":1}},"line":7},"1":{"name":"(anonymous_1)","decl":{"start":{"line":10,"column":25},"end":{"line":10,"column":26}},"loc":{"start":{"line":10,"column":51},"end":{"line":13,"column":3}},"line":10}},"branchMap":{},"s":{"0":0,"1":0,"2":0,"3":0,"4":0,"5":0},"f":{"0":0,"1":0},"b":{}}
,"/home/antonio/Documents/Kaizo-Test/src/components/composed/List/List.props.ts": {"path":"/home/antonio/Documents/Kaizo-Test/src/components/composed/List/List.props.ts","statementMap":{},"fnMap":{},"branchMap":{},"s":{},"f":{},"b":{}}
,"/home/antonio/Documents/Kaizo-Test/src/components/composed/List/List.tsx": {"path":"/home/antonio/Documents/Kaizo-Test/src/components/composed/List/List.tsx","statementMap":{"0":{"start":{"line":7,"column":34},"end":{"line":19,"column":1}},"1":{"start":{"line":9,"column":2},"end":{"line":18,"column":3}},"2":{"start":{"line":12,"column":12},"end":{"line":15,"column":14}},"3":{"start":{"line":21,"column":28},"end":{"line":23,"column":2}},"4":{"start":{"line":22,"column":2},"end":{"line":22,"column":39}}},"fnMap":{"0":{"name":"(anonymous_0)","decl":{"start":{"line":7,"column":34},"end":{"line":7,"column":35}},"loc":{"start":{"line":7,"column":46},"end":{"line":19,"column":1}},"line":7},"1":{"name":"(anonymous_1)","decl":{"start":{"line":11,"column":19},"end":{"line":11,"column":20}},"loc":{"start":{"line":12,"column":12},"end":{"line":15,"column":14}},"line":12},"2":{"name":"(anonymous_2)","decl":{"start":{"line":21,"column":39},"end":{"line":21,"column":40}},"loc":{"start":{"line":21,"column":65},"end":{"line":23,"column":1}},"line":21}},"branchMap":{},"s":{"0":0,"1":0,"2":0,"3":0,"4":0},"f":{"0":0,"1":0,"2":0},"b":{}}
,"/home/antonio/Documents/Kaizo-Test/src/components/composed/Pagination/Pagination.props.ts": {"path":"/home/antonio/Documents/Kaizo-Test/src/components/composed/Pagination/Pagination.props.ts","statementMap":{},"fnMap":{},"branchMap":{},"s":{},"f":{},"b":{}}
,"/home/antonio/Documents/Kaizo-Test/src/components/composed/Pagination/Pagination.tsx": {"path":"/home/antonio/Documents/Kaizo-Test/src/components/composed/Pagination/Pagination.tsx","statementMap":{"0":{"start":{"line":6,"column":46},"end":{"line":17,"column":1}},"1":{"start":{"line":8,"column":4},"end":{"line":16,"column":6}}},"fnMap":{"0":{"name":"(anonymous_0)","decl":{"start":{"line":6,"column":46},"end":{"line":6,"column":47}},"loc":{"start":{"line":6,"column":78},"end":{"line":17,"column":1}},"line":6}},"branchMap":{},"s":{"0":0,"1":0},"f":{"0":0},"b":{}}
,"/home/antonio/Documents/Kaizo-Test/src/components/composed/Search/Search.props.ts": {"path":"/home/antonio/Documents/Kaizo-Test/src/components/composed/Search/Search.props.ts","statementMap":{},"fnMap":{},"branchMap":{},"s":{},"f":{},"b":{}}
,"/home/antonio/Documents/Kaizo-Test/src/components/composed/Search/Search.tsx": {"path":"/home/antonio/Documents/Kaizo-Test/src/components/composed/Search/Search.tsx","statementMap":{"0":{"start":{"line":6,"column":38},"end":{"line":17,"column":1}},"1":{"start":{"line":8,"column":4},"end":{"line":16,"column":6}}},"fnMap":{"0":{"name":"(anonymous_0)","decl":{"start":{"line":6,"column":38},"end":{"line":6,"column":39}},"loc":{"start":{"line":6,"column":66},"end":{"line":17,"column":1}},"line":6}},"branchMap":{},"s":{"0":0,"1":0},"f":{"0":0},"b":{}}
,"/home/antonio/Documents/Kaizo-Test/src/constants/InputsConstants.ts": {"path":"/home/antonio/Documents/Kaizo-Test/src/constants/InputsConstants.ts","statementMap":{},"fnMap":{},"branchMap":{},"s":{},"f":{},"b":{}}
,"/home/antonio/Documents/Kaizo-Test/src/constants/Theme.ts": {"path":"/home/antonio/Documents/Kaizo-Test/src/constants/Theme.ts","statementMap":{},"fnMap":{},"branchMap":{},"s":{},"f":{},"b":{}}
,"/home/antonio/Documents/Kaizo-Test/src/constants/constants.ts": {"path":"/home/antonio/Documents/Kaizo-Test/src/constants/constants.ts","statementMap":{"0":{"start":{"line":2,"column":22},"end":{"line":6,"column":2}},"1":{"start":{"line":9,"column":26},"end":{"line":16,"column":2}}},"fnMap":{},"branchMap":{},"s":{"0":0,"1":0},"f":{},"b":{}}
,"/home/antonio/Documents/Kaizo-Test/src/constants/eventConstants.ts": {"path":"/home/antonio/Documents/Kaizo-Test/src/constants/eventConstants.ts","statementMap":{},"fnMap":{},"branchMap":{},"s":{},"f":{},"b":{}}
,"/home/antonio/Documents/Kaizo-Test/src/constants/languageConstans.ts": {"path":"/home/antonio/Documents/Kaizo-Test/src/constants/languageConstans.ts","statementMap":{},"fnMap":{},"branchMap":{},"s":{},"f":{},"b":{}}
,"/home/antonio/Documents/Kaizo-Test/src/context/ThemeContext.tsx": {"path":"/home/antonio/Documents/Kaizo-Test/src/context/ThemeContext.tsx","statementMap":{"0":{"start":{"line":5,"column":28},"end":{"line":5,"column":79}},"1":{"start":{"line":7,"column":59},"end":{"line":24,"column":1}},"2":{"start":{"line":9,"column":30},"end":{"line":9,"column":79}},"3":{"start":{"line":11,"column":4},"end":{"line":17,"column":10}},"4":{"start":{"line":12,"column":40},"end":{"line":15,"column":9}},"5":{"start":{"line":13,"column":40},"end":{"line":13,"column":73}},"6":{"start":{"line":14,"column":11},"end":{"line":14,"column":36}},"7":{"start":{"line":16,"column":8},"end":{"line":16,"column":34}},"8":{"start":{"line":19,"column":4},"end":{"line":23,"column":6}}},"fnMap":{"0":{"name":"(anonymous_0)","decl":{"start":{"line":7,"column":59},"end":{"line":7,"column":60}},"loc":{"start":{"line":7,"column":75},"end":{"line":24,"column":1}},"line":7},"1":{"name":"(anonymous_1)","decl":{"start":{"line":11,"column":14},"end":{"line":11,"column":15}},"loc":{"start":{"line":11,"column":19},"end":{"line":17,"column":5}},"line":11},"2":{"name":"(anonymous_2)","decl":{"start":{"line":12,"column":40},"end":{"line":12,"column":41}},"loc":{"start":{"line":12,"column":46},"end":{"line":15,"column":9}},"line":12}},"branchMap":{"0":{"loc":{"start":{"line":14,"column":11},"end":{"line":14,"column":35}},"type":"binary-expr","locations":[{"start":{"line":14,"column":11},"end":{"line":14,"column":16}},{"start":{"line":14,"column":20},"end":{"line":14,"column":35}}],"line":14}},"s":{"0":0,"1":0,"2":0,"3":0,"4":0,"5":0,"6":0,"7":0,"8":0},"f":{"0":0,"1":0,"2":0},"b":{"0":[0,0]}}
,"/home/antonio/Documents/Kaizo-Test/src/context/ThemeProvider.props.ts": {"path":"/home/antonio/Documents/Kaizo-Test/src/context/ThemeProvider.props.ts","statementMap":{},"fnMap":{},"branchMap":{},"s":{},"f":{},"b":{}}
,"/home/antonio/Documents/Kaizo-Test/src/hooks/useFetch/useFetch.ts": {"path":"/home/antonio/Documents/Kaizo-Test/src/hooks/useFetch/useFetch.ts","statementMap":{"0":{"start":{"line":16,"column":17},"end":{"line":51,"column":1}},"1":{"start":{"line":17,"column":28},"end":{"line":17,"column":54}},"2":{"start":{"line":18,"column":34},"end":{"line":18,"column":58}},"3":{"start":{"line":19,"column":31},"end":{"line":19,"column":60}},"4":{"start":{"line":21,"column":4},"end":{"line":44,"column":13}},"5":{"start":{"line":22,"column":26},"end":{"line":22,"column":31}},"6":{"start":{"line":24,"column":28},"end":{"line":24,"column":54}},"7":{"start":{"line":25,"column":8},"end":{"line":25,"column":25}},"8":{"start":{"line":27,"column":27},"end":{"line":37,"column":9}},"9":{"start":{"line":28,"column":12},"end":{"line":35,"column":13}},"10":{"start":{"line":29,"column":27},"end":{"line":29,"column":84}},"11":{"start":{"line":30,"column":15},"end":{"line":30,"column":53}},"12":{"start":{"line":32,"column":16},"end":{"line":32,"column":45}},"13":{"start":{"line":34,"column":16},"end":{"line":34,"column":34}},"14":{"start":{"line":38,"column":8},"end":{"line":38,"column":21}},"15":{"start":{"line":40,"column":8},"end":{"line":43,"column":10}},"16":{"start":{"line":41,"column":12},"end":{"line":41,"column":33}},"17":{"start":{"line":42,"column":12},"end":{"line":42,"column":31}},"18":{"start":{"line":46,"column":4},"end":{"line":50,"column":6}}},"fnMap":{"0":{"name":"(anonymous_0)","decl":{"start":{"line":16,"column":17},"end":{"line":16,"column":18}},"loc":{"start":{"line":16,"column":41},"end":{"line":51,"column":1}},"line":16},"1":{"name":"(anonymous_1)","decl":{"start":{"line":21,"column":14},"end":{"line":21,"column":15}},"loc":{"start":{"line":21,"column":19},"end":{"line":44,"column":5}},"line":21},"2":{"name":"(anonymous_2)","decl":{"start":{"line":27,"column":27},"end":{"line":27,"column":28}},"loc":{"start":{"line":27,"column":39},"end":{"line":37,"column":9}},"line":27},"3":{"name":"(anonymous_3)","decl":{"start":{"line":40,"column":15},"end":{"line":40,"column":16}},"loc":{"start":{"line":40,"column":21},"end":{"line":43,"column":9}},"line":40}},"branchMap":{"0":{"loc":{"start":{"line":30,"column":15},"end":{"line":30,"column":53}},"type":"binary-expr","locations":[{"start":{"line":30,"column":15},"end":{"line":30,"column":27}},{"start":{"line":30,"column":31},"end":{"line":30,"column":53}}],"line":30}},"s":{"0":0,"1":0,"2":0,"3":0,"4":0,"5":0,"6":0,"7":0,"8":0,"9":0,"10":0,"11":0,"12":0,"13":0,"14":0,"15":0,"16":0,"17":0,"18":0},"f":{"0":0,"1":0,"2":0,"3":0},"b":{"0":[0,0]}}
,"/home/antonio/Documents/Kaizo-Test/src/i18n/i18n.ts": {"path":"/home/antonio/Documents/Kaizo-Test/src/i18n/i18n.ts","statementMap":{"0":{"start":{"line":4,"column":13},"end":{"line":4,"column":23}},"1":{"start":{"line":5,"column":22},"end":{"line":5,"column":48}},"2":{"start":{"line":6,"column":0},"end":{"line":6,"column":28}},"3":{"start":{"line":7,"column":0},"end":{"line":7,"column":27}},"4":{"start":{"line":9,"column":48},"end":{"line":24,"column":1}},"5":{"start":{"line":14,"column":3},"end":{"line":23,"column":4}},"6":{"start":{"line":15,"column":24},"end":{"line":15,"column":69}},"7":{"start":{"line":16,"column":28},"end":{"line":16,"column":50}},"8":{"start":{"line":17,"column":7},"end":{"line":17,"column":24}},"9":{"start":{"line":19,"column":7},"end":{"line":19,"column":40}},"10":{"start":{"line":20,"column":7},"end":{"line":20,"column":28}}},"fnMap":{"0":{"name":"(anonymous_0)","decl":{"start":{"line":9,"column":48},"end":{"line":9,"column":49}},"loc":{"start":{"line":13,"column":5},"end":{"line":24,"column":1}},"line":13}},"branchMap":{"0":{"loc":{"start":{"line":5,"column":22},"end":{"line":5,"column":48}},"type":"binary-expr","locations":[{"start":{"line":5,"column":22},"end":{"line":5,"column":40}},{"start":{"line":5,"column":44},"end":{"line":5,"column":48}}],"line":5}},"s":{"0":0,"1":0,"2":0,"3":0,"4":0,"5":0,"6":0,"7":0,"8":0,"9":0,"10":0},"f":{"0":0},"b":{"0":[0,0]}}
,"/home/antonio/Documents/Kaizo-Test/src/i18n/index.ts": {"path":"/home/antonio/Documents/Kaizo-Test/src/i18n/index.ts","statementMap":{},"fnMap":{},"branchMap":{},"s":{},"f":{},"b":{}}
,"/home/antonio/Documents/Kaizo-Test/src/i18n/translate.ts": {"path":"/home/antonio/Documents/Kaizo-Test/src/i18n/translate.ts","statementMap":{"0":{"start":{"line":12,"column":4},"end":{"line":12,"column":45}}},"fnMap":{"0":{"name":"translate","decl":{"start":{"line":11,"column":16},"end":{"line":11,"column":25}},"loc":{"start":{"line":11,"column":96},"end":{"line":13,"column":1}},"line":11}},"branchMap":{"0":{"loc":{"start":{"line":12,"column":11},"end":{"line":12,"column":44}},"type":"cond-expr","locations":[{"start":{"line":12,"column":17},"end":{"line":12,"column":37}},{"start":{"line":12,"column":40},"end":{"line":12,"column":44}}],"line":12}},"s":{"0":0},"f":{"0":0},"b":{"0":[0,0]}}
,"/home/antonio/Documents/Kaizo-Test/src/interceptor/AxiosInterceptor.ts": {"path":"/home/antonio/Documents/Kaizo-Test/src/interceptor/AxiosInterceptor.ts","statementMap":{"0":{"start":{"line":13,"column":19},"end":{"line":15,"column":2}},"1":{"start":{"line":13,"column":55},"end":{"line":15,"column":1}},"2":{"start":{"line":23,"column":25},"end":{"line":45,"column":1}},"3":{"start":{"line":25,"column":4},"end":{"line":42,"column":10}},"4":{"start":{"line":27,"column":28},"end":{"line":40,"column":9}},"5":{"start":{"line":29,"column":45},"end":{"line":29,"column":74}},"6":{"start":{"line":30,"column":16},"end":{"line":30,"column":55}},"7":{"start":{"line":32,"column":16},"end":{"line":32,"column":30}},"8":{"start":{"line":35,"column":16},"end":{"line":37,"column":18}},"9":{"start":{"line":38,"column":16},"end":{"line":38,"column":45}},"10":{"start":{"line":41,"column":8},"end":{"line":41,"column":67}},"11":{"start":{"line":41,"column":20},"end":{"line":41,"column":66}},"12":{"start":{"line":44,"column":4},"end":{"line":44,"column":20}}},"fnMap":{"0":{"name":"(anonymous_0)","decl":{"start":{"line":13,"column":19},"end":{"line":13,"column":20}},"loc":{"start":{"line":13,"column":55},"end":{"line":15,"column":1}},"line":13},"1":{"name":"(anonymous_1)","decl":{"start":{"line":23,"column":25},"end":{"line":23,"column":26}},"loc":{"start":{"line":23,"column":64},"end":{"line":45,"column":1}},"line":23},"2":{"name":"(anonymous_2)","decl":{"start":{"line":25,"column":14},"end":{"line":25,"column":15}},"loc":{"start":{"line":25,"column":18},"end":{"line":42,"column":5}},"line":25},"3":{"name":"(anonymous_3)","decl":{"start":{"line":28,"column":12},"end":{"line":28,"column":13}},"loc":{"start":{"line":28,"column":57},"end":{"line":33,"column":13}},"line":28},"4":{"name":"(anonymous_4)","decl":{"start":{"line":34,"column":12},"end":{"line":34,"column":13}},"loc":{"start":{"line":34,"column":39},"end":{"line":39,"column":13}},"line":34},"5":{"name":"(anonymous_5)","decl":{"start":{"line":41,"column":15},"end":{"line":41,"column":16}},"loc":{"start":{"line":41,"column":20},"end":{"line":41,"column":66}},"line":41}},"branchMap":{},"s":{"0":0,"1":0,"2":0,"3":0,"4":0,"5":0,"6":0,"7":0,"8":0,"9":0,"10":0,"11":0,"12":0},"f":{"0":0,"1":0,"2":0,"3":0,"4":0,"5":0},"b":{}}
,"/home/antonio/Documents/Kaizo-Test/src/screens/home/home.tsx": {"path":"/home/antonio/Documents/Kaizo-Test/src/screens/home/home.tsx","statementMap":{"0":{"start":{"line":15,"column":28},"end":{"line":15,"column":37}},"1":{"start":{"line":18,"column":13},"end":{"line":57,"column":1}},"2":{"start":{"line":19,"column":30},"end":{"line":22,"column":4}},"3":{"start":{"line":24,"column":22},"end":{"line":27,"column":51}},"4":{"start":{"line":30,"column":28},"end":{"line":30,"column":41}},"5":{"start":{"line":31,"column":21},"end":{"line":31,"column":65}},"6":{"start":{"line":31,"column":35},"end":{"line":31,"column":56}},"7":{"start":{"line":32,"column":27},"end":{"line":32,"column":43}},"8":{"start":{"line":33,"column":42},"end":{"line":33,"column":76}},"9":{"start":{"line":37,"column":24},"end":{"line":44,"column":3}},"10":{"start":{"line":38,"column":4},"end":{"line":43,"column":5}},"11":{"start":{"line":39,"column":7},"end":{"line":42,"column":10}},"12":{"start":{"line":39,"column":39},"end":{"line":42,"column":8}},"13":{"start":{"line":46,"column":2},"end":{"line":56,"column":4}}},"fnMap":{"0":{"name":"(anonymous_0)","decl":{"start":{"line":18,"column":13},"end":{"line":18,"column":14}},"loc":{"start":{"line":18,"column":39},"end":{"line":57,"column":1}},"line":18},"1":{"name":"(anonymous_1)","decl":{"start":{"line":31,"column":29},"end":{"line":31,"column":30}},"loc":{"start":{"line":31,"column":35},"end":{"line":31,"column":56}},"line":31},"2":{"name":"(anonymous_2)","decl":{"start":{"line":37,"column":24},"end":{"line":37,"column":25}},"loc":{"start":{"line":37,"column":47},"end":{"line":44,"column":3}},"line":37},"3":{"name":"(anonymous_3)","decl":{"start":{"line":38,"column":11},"end":{"line":38,"column":12}},"loc":{"start":{"line":38,"column":72},"end":{"line":43,"column":5}},"line":38},"4":{"name":"(anonymous_4)","decl":{"start":{"line":39,"column":17},"end":{"line":39,"column":18}},"loc":{"start":{"line":39,"column":39},"end":{"line":42,"column":8}},"line":39}},"branchMap":{"0":{"loc":{"start":{"line":33,"column":42},"end":{"line":33,"column":76}},"type":"binary-expr","locations":[{"start":{"line":33,"column":42},"end":{"line":33,"column":50}},{"start":{"line":33,"column":54},"end":{"line":33,"column":76}}],"line":33},"1":{"loc":{"start":{"line":52,"column":9},"end":{"line":52,"column":59}},"type":"cond-expr","locations":[{"start":{"line":52,"column":19},"end":{"line":52,"column":51}},{"start":{"line":52,"column":54},"end":{"line":52,"column":59}}],"line":52},"2":{"loc":{"start":{"line":53,"column":9},"end":{"line":53,"column":61}},"type":"cond-expr","locations":[{"start":{"line":53,"column":19},"end":{"line":53,"column":53}},{"start":{"line":53,"column":56},"end":{"line":53,"column":61}}],"line":53},"3":{"loc":{"start":{"line":54,"column":9},"end":{"line":54,"column":99}},"type":"cond-expr","locations":[{"start":{"line":54,"column":33},"end":{"line":54,"column":91}},{"start":{"line":54,"column":94},"end":{"line":54,"column":99}}],"line":54}},"s":{"0":0,"1":0,"2":0,"3":0,"4":0,"5":0,"6":0,"7":0,"8":0,"9":0,"10":0,"11":0,"12":0,"13":0},"f":{"0":0,"1":0,"2":0,"3":0,"4":0},"b":{"0":[0,0],"1":[0,0],"2":[0,0],"3":[0,0]}}
,"/home/antonio/Documents/Kaizo-Test/src/screens/home/components/Form/Form.props.ts": {"path":"/home/antonio/Documents/Kaizo-Test/src/screens/home/components/Form/Form.props.ts","statementMap":{},"fnMap":{},"branchMap":{},"s":{},"f":{},"b":{}}
,"/home/antonio/Documents/Kaizo-Test/src/screens/home/components/Form/Form.tsx": {"path":"/home/antonio/Documents/Kaizo-Test/src/screens/home/components/Form/Form.tsx","statementMap":{"0":{"start":{"line":6,"column":34},"end":{"line":15,"column":1}},"1":{"start":{"line":8,"column":4},"end":{"line":14,"column":6}}},"fnMap":{"0":{"name":"(anonymous_0)","decl":{"start":{"line":6,"column":34},"end":{"line":6,"column":35}},"loc":{"start":{"line":6,"column":75},"end":{"line":15,"column":1}},"line":6}},"branchMap":{},"s":{"0":0,"1":0},"f":{"0":0},"b":{}}
,"/home/antonio/Documents/Kaizo-Test/src/utils/Error.ts": {"path":"/home/antonio/Documents/Kaizo-Test/src/utils/Error.ts","statementMap":{"0":{"start":{"line":3,"column":8},"end":{"line":3,"column":20}},"1":{"start":{"line":4,"column":8},"end":{"line":4,"column":42}},"2":{"start":{"line":9,"column":6},"end":{"line":9,"column":21}},"3":{"start":{"line":10,"column":6},"end":{"line":10,"column":25}},"4":{"start":{"line":11,"column":6},"end":{"line":11,"column":30}},"5":{"start":{"line":19,"column":8},"end":{"line":19,"column":42}},"6":{"start":{"line":20,"column":8},"end":{"line":20,"column":44}},"7":{"start":{"line":21,"column":8},"end":{"line":21,"column":33}}},"fnMap":{"0":{"name":"(anonymous_0)","decl":{"start":{"line":2,"column":4},"end":{"line":2,"column":5}},"loc":{"start":{"line":2,"column":29},"end":{"line":5,"column":5}},"line":2},"1":{"name":"(anonymous_1)","decl":{"start":{"line":8,"column":4},"end":{"line":8,"column":5}},"loc":{"start":{"line":8,"column":42},"end":{"line":12,"column":5}},"line":8},"2":{"name":"(anonymous_2)","decl":{"start":{"line":18,"column":4},"end":{"line":18,"column":5}},"loc":{"start":{"line":18,"column":33},"end":{"line":22,"column":5}},"line":18}},"branchMap":{},"s":{"0":0,"1":0,"2":0,"3":0,"4":0,"5":0,"6":0,"7":0},"f":{"0":0,"1":0,"2":0},"b":{}}
,"/home/antonio/Documents/Kaizo-Test/src/utils/LoggerUtil.ts": {"path":"/home/antonio/Documents/Kaizo-Test/src/utils/LoggerUtil.ts","statementMap":{"0":{"start":{"line":4,"column":8},"end":{"line":4,"column":42}},"1":{"start":{"line":14,"column":8},"end":{"line":16,"column":9}},"2":{"start":{"line":15,"column":12},"end":{"line":15,"column":49}},"3":{"start":{"line":26,"column":8},"end":{"line":28,"column":9}},"4":{"start":{"line":27,"column":12},"end":{"line":27,"column":49}},"5":{"start":{"line":38,"column":8},"end":{"line":40,"column":9}},"6":{"start":{"line":39,"column":12},"end":{"line":39,"column":52}},"7":{"start":{"line":50,"column":8},"end":{"line":50,"column":48}},"8":{"start":{"line":54,"column":4},"end":{"line":59,"column":6}},"9":{"start":{"line":62,"column":18},"end":{"line":62,"column":25}},"10":{"start":{"line":64,"column":15},"end":{"line":64,"column":62}}},"fnMap":{"0":{"name":"LoggerUtils","decl":{"start":{"line":1,"column":9},"end":{"line":1,"column":20}},"loc":{"start":{"line":1,"column":39},"end":{"line":60,"column":1}},"line":1},"1":{"name":"log","decl":{"start":{"line":3,"column":13},"end":{"line":3,"column":16}},"loc":{"start":{"line":3,"column":59},"end":{"line":5,"column":5}},"line":3},"2":{"name":"debug","decl":{"start":{"line":13,"column":13},"end":{"line":13,"column":18}},"loc":{"start":{"line":13,"column":46},"end":{"line":17,"column":5}},"line":13},"3":{"name":"info","decl":{"start":{"line":25,"column":14},"end":{"line":25,"column":18}},"loc":{"start":{"line":25,"column":46},"end":{"line":29,"column":5}},"line":25},"4":{"name":"warn","decl":{"start":{"line":37,"column":14},"end":{"line":37,"column":18}},"loc":{"start":{"line":37,"column":46},"end":{"line":41,"column":5}},"line":37},"5":{"name":"error","decl":{"start":{"line":49,"column":13},"end":{"line":49,"column":18}},"loc":{"start":{"line":49,"column":46},"end":{"line":51,"column":5}},"line":49}},"branchMap":{"0":{"loc":{"start":{"line":14,"column":8},"end":{"line":16,"column":9}},"type":"if","locations":[{"start":{"line":14,"column":8},"end":{"line":16,"column":9}},{"start":{},"end":{}}],"line":14},"1":{"loc":{"start":{"line":26,"column":8},"end":{"line":28,"column":9}},"type":"if","locations":[{"start":{"line":26,"column":8},"end":{"line":28,"column":9}},{"start":{},"end":{}}],"line":26},"2":{"loc":{"start":{"line":26,"column":11},"end":{"line":26,"column":54}},"type":"binary-expr","locations":[{"start":{"line":26,"column":11},"end":{"line":26,"column":31}},{"start":{"line":26,"column":35},"end":{"line":26,"column":54}}],"line":26},"3":{"loc":{"start":{"line":38,"column":8},"end":{"line":40,"column":9}},"type":"if","locations":[{"start":{"line":38,"column":8},"end":{"line":40,"column":9}},{"start":{},"end":{}}],"line":38},"4":{"loc":{"start":{"line":38,"column":11},"end":{"line":38,"column":77}},"type":"binary-expr","locations":[{"start":{"line":38,"column":11},"end":{"line":38,"column":31}},{"start":{"line":38,"column":35},"end":{"line":38,"column":54}},{"start":{"line":38,"column":58},"end":{"line":38,"column":77}}],"line":38},"5":{"loc":{"start":{"line":64,"column":27},"end":{"line":64,"column":61}},"type":"binary-expr","locations":[{"start":{"line":64,"column":27},"end":{"line":64,"column":48}},{"start":{"line":64,"column":52},"end":{"line":64,"column":61}}],"line":64}},"s":{"0":0,"1":0,"2":0,"3":0,"4":0,"5":0,"6":0,"7":0,"8":0,"9":0,"10":0},"f":{"0":0,"1":0,"2":0,"3":0,"4":0,"5":0},"b":{"0":[0,0],"1":[0,0],"2":[0,0],"3":[0,0],"4":[0,0,0],"5":[0,0]}}
,"/home/antonio/Documents/Kaizo-Test/src/utils/colors.ts": {"path":"/home/antonio/Documents/Kaizo-Test/src/utils/colors.ts","statementMap":{"0":{"start":{"line":1,"column":22},"end":{"line":1,"column":31}}},"fnMap":{},"branchMap":{},"s":{"0":0},"f":{},"b":{}}
,"/home/antonio/Documents/Kaizo-Test/src/utils/formatter.ts": {"path":"/home/antonio/Documents/Kaizo-Test/src/utils/formatter.ts","statementMap":{"0":{"start":{"line":8,"column":18},"end":{"line":22,"column":1}},"1":{"start":{"line":15,"column":8},"end":{"line":20,"column":12}},"2":{"start":{"line":15,"column":36},"end":{"line":20,"column":9}}},"fnMap":{"0":{"name":"(anonymous_0)","decl":{"start":{"line":14,"column":4},"end":{"line":14,"column":5}},"loc":{"start":{"line":14,"column":62},"end":{"line":21,"column":5}},"line":14},"1":{"name":"(anonymous_1)","decl":{"start":{"line":15,"column":25},"end":{"line":15,"column":26}},"loc":{"start":{"line":15,"column":36},"end":{"line":20,"column":9}},"line":15}},"branchMap":{"0":{"loc":{"start":{"line":14,"column":20},"end":{"line":14,"column":40}},"type":"default-arg","locations":[{"start":{"line":14,"column":38},"end":{"line":14,"column":40}}],"line":14}},"s":{"0":0,"1":0,"2":0},"f":{"0":0,"1":0},"b":{"0":[0]}}
,"/home/antonio/Documents/Kaizo-Test/src/utils/helper.ts": {"path":"/home/antonio/Documents/Kaizo-Test/src/utils/helper.ts","statementMap":{"0":{"start":{"line":6,"column":15},"end":{"line":26,"column":1}},"1":{"start":{"line":9,"column":8},"end":{"line":14,"column":10}},"2":{"start":{"line":10,"column":10},"end":{"line":10,"column":32}},"3":{"start":{"line":11,"column":10},"end":{"line":13,"column":19}},"4":{"start":{"line":12,"column":12},"end":{"line":12,"column":30}},"5":{"start":{"line":20,"column":8},"end":{"line":22,"column":9}},"6":{"start":{"line":21,"column":12},"end":{"line":21,"column":84}},"7":{"start":{"line":24,"column":8},"end":{"line":24,"column":23}}},"fnMap":{"0":{"name":"(anonymous_0)","decl":{"start":{"line":7,"column":4},"end":{"line":7,"column":5}},"loc":{"start":{"line":7,"column":29},"end":{"line":15,"column":7}},"line":7},"1":{"name":"(anonymous_1)","decl":{"start":{"line":9,"column":15},"end":{"line":9,"column":16}},"loc":{"start":{"line":9,"column":28},"end":{"line":14,"column":9}},"line":9},"2":{"name":"(anonymous_2)","decl":{"start":{"line":11,"column":31},"end":{"line":11,"column":32}},"loc":{"start":{"line":11,"column":37},"end":{"line":13,"column":11}},"line":11},"3":{"name":"(anonymous_3)","decl":{"start":{"line":16,"column":6},"end":{"line":16,"column":7}},"loc":{"start":{"line":19,"column":17},"end":{"line":25,"column":7}},"line":19}},"branchMap":{"0":{"loc":{"start":{"line":20,"column":8},"end":{"line":22,"column":9}},"type":"if","locations":[{"start":{"line":20,"column":8},"end":{"line":22,"column":9}},{"start":{},"end":{}}],"line":20},"1":{"loc":{"start":{"line":20,"column":11},"end":{"line":20,"column":47}},"type":"binary-expr","locations":[{"start":{"line":20,"column":11},"end":{"line":20,"column":27}},{"start":{"line":20,"column":31},"end":{"line":20,"column":47}}],"line":20}},"s":{"0":0,"1":0,"2":0,"3":0,"4":0,"5":0,"6":0,"7":0},"f":{"0":0,"1":0,"2":0,"3":0},"b":{"0":[0,0],"1":[0,0]}}
,"/home/antonio/Documents/Kaizo-Test/src/utils/types.ts": {"path":"/home/antonio/Documents/Kaizo-Test/src/utils/types.ts","statementMap":{},"fnMap":{},"branchMap":{},"s":{},"f":{},"b":{}}
}
